android/app/build/intermediates/manifest_merge_blame_file/debug/manifest-merger-blame-debug-report.txt
1<?xml version="1.0" encoding="utf-8"?>
2<manifest xmlns:android="http://schemas.android.com/apk/res/android"
3    package="com.lucasmgana.onlinegasagent"
4    android:versionCode="1"
5    android:versionName="1.0" >
6
7    <uses-sdk
8        android:minSdkVersion="21"
9        android:targetSdkVersion="31" />
10
11    <uses-permission android:name="android.permission.SYSTEM_ALERT_WINDOW" />
11-->src\debug\AndroidManifest.xml:5:5-77
11-->src\debug\AndroidManifest.xml:5:22-75
12    <uses-permission android:name="android.permission.INTERNET" />
12-->src\main\AndroidManifest.xml:4:5-67
12-->src\main\AndroidManifest.xml:4:22-64
13    <uses-permission android:name="android.permission.ACCESS_WIFI_STATE" /> <!-- Although the *SdkVersion is captured in gradle build files, this is required for non gradle builds -->
13-->[com.facebook.flipper:flipper:0.125.0] AndroidManifest.xml:16:5-76
13-->[com.facebook.flipper:flipper:0.125.0] AndroidManifest.xml:16:22-73
14    <!-- <uses-sdk android:minSdkVersion="14" /> -->
15    <uses-permission android:name="android.permission.ACCESS_NETWORK_STATE" />
15-->[com.google.firebase:firebase-firestore:24.1.2] AndroidManifest.xml:13:5-79
15-->[com.google.firebase:firebase-firestore:24.1.2] AndroidManifest.xml:13:22-76
16
17    <application
17-->src\main\AndroidManifest.xml:6:5-25:19
18        android:name="com.lucasmgana.onlinegasagent.MainApplication"
18-->src\main\AndroidManifest.xml:7:7-38
19        android:allowBackup="false"
19-->src\main\AndroidManifest.xml:11:7-34
20        android:appComponentFactory="androidx.core.app.CoreComponentFactory"
20-->[androidx.core:core:1.5.0] AndroidManifest.xml:24:18-86
21        android:debuggable="true"
22        android:icon="@mipmap/ic_launcher"
22-->src\main\AndroidManifest.xml:9:7-41
23        android:label="@string/app_name"
23-->src\main\AndroidManifest.xml:8:7-39
24        android:roundIcon="@mipmap/ic_launcher_round"
24-->src\main\AndroidManifest.xml:10:7-52
25        android:theme="@style/AppTheme"
25-->src\main\AndroidManifest.xml:12:7-38
26        android:usesCleartextTraffic="true" >
26-->src\debug\AndroidManifest.xml:8:9-44
27        <activity
27-->src\debug\AndroidManifest.xml:11:9-111
28            android:name="com.facebook.react.devsupport.DevSettingsActivity"
28-->src\debug\AndroidManifest.xml:11:19-83
29            android:exported="false" />
29-->src\debug\AndroidManifest.xml:11:84-108
30        <activity
30-->src\main\AndroidManifest.xml:13:7-24:18
31            android:name="com.lucasmgana.onlinegasagent.MainActivity"
31-->src\main\AndroidManifest.xml:14:9-37
32            android:configChanges="keyboard|keyboardHidden|orientation|screenLayout|screenSize|smallestScreenSize|uiMode"
32-->src\main\AndroidManifest.xml:16:9-118
33            android:exported="true"
33-->src\main\AndroidManifest.xml:19:9-32
34            android:label="@string/app_name"
34-->src\main\AndroidManifest.xml:15:9-41
35            android:launchMode="singleTask"
35-->src\main\AndroidManifest.xml:17:9-40
36            android:windowSoftInputMode="adjustResize" >
36-->src\main\AndroidManifest.xml:18:9-51
37            <intent-filter>
37-->src\main\AndroidManifest.xml:20:9-23:25
38                <action android:name="android.intent.action.MAIN" />
38-->src\main\AndroidManifest.xml:21:13-65
38-->src\main\AndroidManifest.xml:21:21-62
39
40                <category android:name="android.intent.category.LAUNCHER" />
40-->src\main\AndroidManifest.xml:22:13-73
40-->src\main\AndroidManifest.xml:22:23-70
41            </intent-filter>
42        </activity>
43
44        <meta-data
44-->[:react-native-firebase_app] AndroidManifest.xml:10:9-12:36
45            android:name="app_data_collection_default_enabled"
45-->[:react-native-firebase_app] AndroidManifest.xml:11:13-63
46            android:value="true" />
46-->[:react-native-firebase_app] AndroidManifest.xml:12:13-33
47
48        <service
48-->[:react-native-firebase_app] AndroidManifest.xml:14:9-18:19
49            android:name="com.google.firebase.components.ComponentDiscoveryService"
49-->[:react-native-firebase_app] AndroidManifest.xml:14:18-89
50            android:directBootAware="true"
50-->[com.google.firebase:firebase-common:20.1.1] AndroidManifest.xml:35:13-43
51            android:exported="false" >
51-->[com.google.firebase:firebase-firestore:24.1.2] AndroidManifest.xml:19:13-37
52            <meta-data
52-->[:react-native-firebase_app] AndroidManifest.xml:15:13-17:85
53                android:name="com.google.firebase.components:io.invertase.firebase.app.ReactNativeFirebaseAppRegistrar"
53-->[:react-native-firebase_app] AndroidManifest.xml:16:17-120
54                android:value="com.google.firebase.components.ComponentRegistrar" />
54-->[:react-native-firebase_app] AndroidManifest.xml:17:17-82
55            <meta-data
55-->[com.google.firebase:firebase-firestore:24.1.2] AndroidManifest.xml:20:13-22:85
56                android:name="com.google.firebase.components:com.google.firebase.firestore.FirestoreRegistrar"
56-->[com.google.firebase:firebase-firestore:24.1.2] AndroidManifest.xml:21:17-111
57                android:value="com.google.firebase.components.ComponentRegistrar" />
57-->[com.google.firebase:firebase-firestore:24.1.2] AndroidManifest.xml:22:17-82
58        </service>
59
60        <provider
60-->[:react-native-firebase_app] AndroidManifest.xml:20:9-24:38
61            android:name="io.invertase.firebase.app.ReactNativeFirebaseAppInitProvider"
61-->[:react-native-firebase_app] AndroidManifest.xml:21:13-88
62            android:authorities="com.lucasmgana.onlinegasagent.reactnativefirebaseappinitprovider"
62-->[:react-native-firebase_app] AndroidManifest.xml:22:13-86
63            android:exported="false"
63-->[:react-native-firebase_app] AndroidManifest.xml:23:13-37
64            android:initOrder="99" />
64-->[:react-native-firebase_app] AndroidManifest.xml:24:13-35
65        <provider
65-->[:react-native-webview] AndroidManifest.xml:10:9-18:20
66            android:name="com.reactnativecommunity.webview.RNCWebViewFileProvider"
66-->[:react-native-webview] AndroidManifest.xml:11:13-83
67            android:authorities="com.lucasmgana.onlinegasagent.fileprovider"
67-->[:react-native-webview] AndroidManifest.xml:12:13-64
68            android:exported="false"
68-->[:react-native-webview] AndroidManifest.xml:13:13-37
69            android:grantUriPermissions="true" >
69-->[:react-native-webview] AndroidManifest.xml:14:13-47
70            <meta-data
70-->[:react-native-webview] AndroidManifest.xml:15:13-17:63
71                android:name="android.support.FILE_PROVIDER_PATHS"
71-->[:react-native-webview] AndroidManifest.xml:16:17-67
72                android:resource="@xml/file_provider_paths" />
72-->[:react-native-webview] AndroidManifest.xml:17:17-60
73        </provider>
74
75        <activity
75-->[com.google.android.gms:play-services-auth:20.2.0] AndroidManifest.xml:23:9-27:75
76            android:name="com.google.android.gms.auth.api.signin.internal.SignInHubActivity"
76-->[com.google.android.gms:play-services-auth:20.2.0] AndroidManifest.xml:24:13-93
77            android:excludeFromRecents="true"
77-->[com.google.android.gms:play-services-auth:20.2.0] AndroidManifest.xml:25:13-46
78            android:exported="false"
78-->[com.google.android.gms:play-services-auth:20.2.0] AndroidManifest.xml:26:13-37
79            android:theme="@android:style/Theme.Translucent.NoTitleBar" />
79-->[com.google.android.gms:play-services-auth:20.2.0] AndroidManifest.xml:27:13-72
80        <!--
81            Service handling Google Sign-In user revocation. For apps that do not integrate with
82            Google Sign-In, this service will never be started.
83        -->
84        <service
84-->[com.google.android.gms:play-services-auth:20.2.0] AndroidManifest.xml:33:9-37:51
85            android:name="com.google.android.gms.auth.api.signin.RevocationBoundService"
85-->[com.google.android.gms:play-services-auth:20.2.0] AndroidManifest.xml:34:13-89
86            android:exported="true"
86-->[com.google.android.gms:play-services-auth:20.2.0] AndroidManifest.xml:35:13-36
87            android:permission="com.google.android.gms.auth.api.signin.permission.REVOCATION_NOTIFICATION"
87-->[com.google.android.gms:play-services-auth:20.2.0] AndroidManifest.xml:36:13-107
88            android:visibleToInstantApps="true" />
88-->[com.google.android.gms:play-services-auth:20.2.0] AndroidManifest.xml:37:13-48
89
90        <activity
90-->[com.google.android.gms:play-services-base:18.0.1] AndroidManifest.xml:20:9-22:45
91            android:name="com.google.android.gms.common.api.GoogleApiActivity"
91-->[com.google.android.gms:play-services-base:18.0.1] AndroidManifest.xml:20:19-85
92            android:exported="false"
92-->[com.google.android.gms:play-services-base:18.0.1] AndroidManifest.xml:22:19-43
93            android:theme="@android:style/Theme.Translucent.NoTitleBar" />
93-->[com.google.android.gms:play-services-base:18.0.1] AndroidManifest.xml:21:19-78
94
95        <provider
95-->[com.google.firebase:firebase-common:20.1.1] AndroidManifest.xml:26:9-31:39
96            android:name="com.google.firebase.provider.FirebaseInitProvider"
96-->[com.google.firebase:firebase-common:20.1.1] AndroidManifest.xml:27:13-77
97            android:authorities="com.lucasmgana.onlinegasagent.firebaseinitprovider"
97-->[com.google.firebase:firebase-common:20.1.1] AndroidManifest.xml:28:13-72
98            android:directBootAware="true"
98-->[com.google.firebase:firebase-common:20.1.1] AndroidManifest.xml:29:13-43
99            android:exported="false"
99-->[com.google.firebase:firebase-common:20.1.1] AndroidManifest.xml:30:13-37
100            android:initOrder="100" />
100-->[com.google.firebase:firebase-common:20.1.1] AndroidManifest.xml:31:13-36
101
102        <meta-data
102-->[com.google.android.gms:play-services-basement:18.0.0] AndroidManifest.xml:21:9-23:69
103            android:name="com.google.android.gms.version"
103-->[com.google.android.gms:play-services-basement:18.0.0] AndroidManifest.xml:22:13-58
104            android:value="@integer/google_play_services_version" />
104-->[com.google.android.gms:play-services-basement:18.0.0] AndroidManifest.xml:23:13-66
105    </application>
106
107</manifest>